<?xml version="1.0" encoding="UTF-8"?>
<!-- Generated by org.testng.reporters.JUnitXMLReporter -->
<testsuite hostname="LAPTOP-B8D145AU" ignored="0" tests="1" failures="0" timestamp="2024-03-01T18:17:17 CET" time="0.931" errors="0">
  <testcase name="@BeforeClass setUp" time="0.899" classname="CalculatorTest">
    <failure type="java.lang.NoClassDefFoundError" message="org/openqa/selenium/AcceptedW3CCapabilityKeys">
      <![CDATA[java.lang.NoClassDefFoundError: org/openqa/selenium/AcceptedW3CCapabilityKeys
at org.openqa.selenium.remote.RemoteWebDriver.lambda$checkNonW3CCapabilities$0(RemoteWebDriver.java:681)
at java.util.stream.ReferencePipeline$2$1.accept(ReferencePipeline.java:174)
at java.util.TreeMap$KeySpliterator.forEachRemaining(TreeMap.java:2746)
at java.util.stream.AbstractPipeline.copyInto(AbstractPipeline.java:481)
at java.util.stream.AbstractPipeline.wrapAndCopyInto(AbstractPipeline.java:471)
at java.util.stream.ReduceOps$ReduceOp.evaluateSequential(ReduceOps.java:708)
at java.util.stream.AbstractPipeline.evaluate(AbstractPipeline.java:234)
at java.util.stream.ReferencePipeline.collect(ReferencePipeline.java:499)
at org.openqa.selenium.remote.RemoteWebDriver.checkNonW3CCapabilities(RemoteWebDriver.java:682)
at org.openqa.selenium.remote.RemoteWebDriver.startSession(RemoteWebDriver.java:226)
at org.openqa.selenium.remote.RemoteWebDriver.<init>(RemoteWebDriver.java:157)
at org.openqa.selenium.chromium.ChromiumDriver.<init>(ChromiumDriver.java:101)
at org.openqa.selenium.edge.EdgeDriver.<init>(EdgeDriver.java:60)
at org.openqa.selenium.edge.EdgeDriver.<init>(EdgeDriver.java:56)
at org.openqa.selenium.edge.EdgeDriver.<init>(EdgeDriver.java:48)
at org.openqa.selenium.edge.EdgeDriver.<init>(EdgeDriver.java:44)
at CalculatorTest.setUp(CalculatorTest.java:24)
at java.util.ArrayList.forEach(ArrayList.java:1249)
at TestRunnerApp.start(TestRunnerApp.java:24)
at com.sun.javafx.application.LauncherImpl.lambda$launchApplication1$162(LauncherImpl.java:863)
at com.sun.javafx.application.PlatformImpl.lambda$runAndWait$175(PlatformImpl.java:326)
at com.sun.javafx.application.PlatformImpl.lambda$null$173(PlatformImpl.java:295)
at java.security.AccessController.doPrivileged(Native Method)
at com.sun.javafx.application.PlatformImpl.lambda$runLater$174(PlatformImpl.java:294)
at com.sun.glass.ui.InvokeLaterDispatcher$Future.run(InvokeLaterDispatcher.java:95)
at com.sun.glass.ui.win.WinApplication._runLoop(Native Method)
at com.sun.glass.ui.win.WinApplication.lambda$null$148(WinApplication.java:191)
at java.lang.Thread.run(Thread.java:745)
Caused by: java.lang.ClassNotFoundException: org.openqa.selenium.AcceptedW3CCapabilityKeys
at java.net.URLClassLoader.findClass(URLClassLoader.java:381)
at java.lang.ClassLoader.loadClass(ClassLoader.java:424)
at sun.misc.Launcher$AppClassLoader.loadClass(Launcher.java:331)
at java.lang.ClassLoader.loadClass(ClassLoader.java:357)
... 50 more
... Removed 22 stack frames]]>
    </failure>
  </testcase> <!-- @BeforeClass setUp -->
  <testcase name="@AfterClass tearDown" time="-1.709313437855E9" classname="CalculatorTest">
    <skipped/>
  </testcase> <!-- @AfterClass tearDown -->
  <testcase name="testFTTHSpeed" time="0.0" classname="CalculatorTest">
    <skipped/>
  </testcase> <!-- testFTTHSpeed -->
</testsuite>
